อออออออออออออออออออออออออออออออออออออออออออออออออออออออออออออออออออออออออออออออ
Critical error Log file - Contains screen images at instant of error.
The "ฒ" character shows the cursor position at time of error.
อออออออออออออออออออออออออออออออออออออออออออออออออออออออออออออออออออออออออออออออ


ฏ>ฏ error #207 at 10-13-2009 9:44 pm version: 1.10/Alpha
ฏ>ฏ User "LEE PALMER #2" was on Locally
     1 Test Area 1                          2 Test Area 2
     3 Test Area 3                          4 Test Area 4
     5 Test Area 5                          6 Test Area 6
     7 Test Area 7                          8 Test Area 8
     9 Test Area 9                         10 Test Area 10
    11 Test Area 11                        12 Test Area 12
    13 Test Area 13                        14 Test Area 14
    15 Test Area 15                        16 Test Area 16
    17 Test Area 17                        18 Test Area 18
    19 Test Area 19                        20 Test Area 20
    21 Test Area 21                        22 Test Area 22
    23 Test Area 23                        24 Test Area 24
    25 Test Area 25                        26 Test Area 26
    27 Test Area 27                        28 Test Area 28
    29 Test Area 29                        30 Test Area 30
    31 Test Area 31                        32 Test Area 32
    33 Test Area 33                        34 Test Area 34
    35 Test Area 35                        36 Test Area 36

Change file area? (1-69) [#,?=Help,Q=Quit]:

Invalid command keys:
ฒ
 Lee Palmer                 AR: ABCDEFGHIJKLMNOPQRSTUVWXYZ NSL: 255 Time: 32759
 Lee Palmer #2              AC: LCVUA*PEKM1234 Baud: 0     DSL: 255 Node: 6
